# JRE version: Java(TM) SE Runtime Environment (11.0.2+7) (build 11.0.2+7-LTS)
# Java VM: Java HotSpot(TM) 64-Bit Server VM (11.0.2+7-LTS, mixed mode, tiered, compressed oops, g1 gc, windows-amd64)
Heap:
 garbage-first heap   total 131072K, used 12174K [0x0000000080e00000, 0x0000000100000000)
  region size 1024K, 5 young (5120K), 5 survivors (5120K)
 Metaspace       used 27008K, capacity 27803K, committed 27904K, reserved 1081344K
  class space    used 3211K, capacity 3538K, committed 3584K, reserved 1048576K
GC Heap History (6 events):
Event: 10.361 GC heap before
{Heap before GC invocations=0 (full 0):
 garbage-first heap   total 131072K, used 23552K [0x0000000080e00000, 0x0000000100000000)
  region size 1024K, 24 young (24576K), 0 survivors (0K)
 Metaspace       used 9237K, capacity 9415K, committed 9728K, reserved 1058816K
  class space    used 874K, capacity 946K, committed 1024K, reserved 1048576K
}
Event: 10.422 GC heap after
{Heap after GC invocations=1 (full 0):
 garbage-first heap   total 131072K, used 7461K [0x0000000080e00000, 0x0000000100000000)
  region size 1024K, 3 young (3072K), 3 survivors (3072K)
 Metaspace       used 9237K, capacity 9415K, committed 9728K, reserved 1058816K
  class space    used 874K, capacity 946K, committed 1024K, reserved 1048576K
}
Event: 19.797 GC heap before
{Heap before GC invocations=1 (full 0):
 garbage-first heap   total 131072K, used 82213K [0x0000000080e00000, 0x0000000100000000)
  region size 1024K, 76 young (77824K), 3 survivors (3072K)
 Metaspace       used 20522K, capacity 21070K, committed 21248K, reserved 1069056K
  class space    used 2303K, capacity 2520K, committed 2560K, reserved 1048576K
}
Event: 19.852 GC heap after
{Heap after GC invocations=2 (full 0):
 garbage-first heap   total 131072K, used 10366K [0x0000000080e00000, 0x0000000100000000)
  region size 1024K, 6 young (6144K), 6 survivors (6144K)
 Metaspace       used 20522K, capacity 21070K, committed 21248K, reserved 1069056K
  class space    used 2303K, capacity 2520K, committed 2560K, reserved 1048576K
}
Event: 20.043 GC heap before
{Heap before GC invocations=2 (full 0):
 garbage-first heap   total 131072K, used 13438K [0x0000000080e00000, 0x0000000100000000)
  region size 1024K, 10 young (10240K), 6 survivors (6144K)
 Metaspace       used 20684K, capacity 21166K, committed 21248K, reserved 1069056K
  class space    used 2358K, capacity 2552K, committed 2560K, reserved 1048576K
}
Event: 20.075 GC heap after
{Heap after GC invocations=3 (full 0):
 garbage-first heap   total 131072K, used 11164K [0x0000000080e00000, 0x0000000100000000)
  region size 1024K, 4 young (4096K), 4 survivors (4096K)
 Metaspace       used 20684K, capacity 21166K, committed 21248K, reserved 1069056K
  class space    used 2358K, capacity 2552K, committed 2560K, reserved 1048576K
}

